[2017-11-14 04:46:13,462] {jobs.py:343} DagFileProcessor1 INFO - Started process (PID=3748) to work on /home/ec2-user/airflow/dags/bash_example.py
[2017-11-14 04:46:13,469] {jobs.py:1521} DagFileProcessor1 INFO - Processing file /home/ec2-user/airflow/dags/bash_example.py for tasks to queue
[2017-11-14 04:46:13,469] {models.py:167} DagFileProcessor1 INFO - Filling up the DagBag from /home/ec2-user/airflow/dags/bash_example.py
[2017-11-14 04:46:13,529] {jobs.py:1535} DagFileProcessor1 INFO - DAG(s) ['tutorial'] retrieved from /home/ec2-user/airflow/dags/bash_example.py
[2017-11-14 04:46:13,546] {models.py:3414} DagFileProcessor1 INFO - Creating ORM DAG for tutorial
/usr/local/lib64/python2.7/site-packages/sqlalchemy/sql/default_comparator.py:161: SAWarning: The IN-predicate on "dag_stats.dag_id" was invoked with an empty sequence. This results in a contradiction, which nonetheless can be expensive to evaluate.  Consider alternative strategies for improved performance.
  'strategies for improved performance.' % expr)
/usr/local/lib64/python2.7/site-packages/sqlalchemy/sql/default_comparator.py:161: SAWarning: The IN-predicate on "dag_run.dag_id" was invoked with an empty sequence. This results in a contradiction, which nonetheless can be expensive to evaluate.  Consider alternative strategies for improved performance.
  'strategies for improved performance.' % expr)
[2017-11-14 04:46:13,580] {models.py:322} DagFileProcessor1 INFO - Finding 'running' jobs without a recent heartbeat
[2017-11-14 04:46:13,581] {models.py:328} DagFileProcessor1 INFO - Failing jobs without heartbeat after 2017-11-14 04:41:13.581092
[2017-11-14 04:46:13,587] {jobs.py:351} DagFileProcessor1 INFO - Processing /home/ec2-user/airflow/dags/bash_example.py took 0.125 seconds
[2017-11-14 04:46:16,520] {jobs.py:343} DagFileProcessor4 INFO - Started process (PID=3754) to work on /home/ec2-user/airflow/dags/bash_example.py
[2017-11-14 04:46:16,525] {jobs.py:1521} DagFileProcessor4 INFO - Processing file /home/ec2-user/airflow/dags/bash_example.py for tasks to queue
[2017-11-14 04:46:16,525] {models.py:167} DagFileProcessor4 INFO - Filling up the DagBag from /home/ec2-user/airflow/dags/bash_example.py
[2017-11-14 04:46:16,583] {jobs.py:1535} DagFileProcessor4 INFO - DAG(s) ['tutorial'] retrieved from /home/ec2-user/airflow/dags/bash_example.py
/usr/local/lib64/python2.7/site-packages/sqlalchemy/sql/default_comparator.py:161: SAWarning: The IN-predicate on "dag_stats.dag_id" was invoked with an empty sequence. This results in a contradiction, which nonetheless can be expensive to evaluate.  Consider alternative strategies for improved performance.
  'strategies for improved performance.' % expr)
/usr/local/lib64/python2.7/site-packages/sqlalchemy/sql/default_comparator.py:161: SAWarning: The IN-predicate on "dag_run.dag_id" was invoked with an empty sequence. This results in a contradiction, which nonetheless can be expensive to evaluate.  Consider alternative strategies for improved performance.
  'strategies for improved performance.' % expr)
[2017-11-14 04:46:16,632] {models.py:322} DagFileProcessor4 INFO - Finding 'running' jobs without a recent heartbeat
[2017-11-14 04:46:16,632] {models.py:328} DagFileProcessor4 INFO - Failing jobs without heartbeat after 2017-11-14 04:41:16.632883
[2017-11-14 04:46:16,639] {jobs.py:351} DagFileProcessor4 INFO - Processing /home/ec2-user/airflow/dags/bash_example.py took 0.118 seconds
[2017-11-14 04:46:19,589] {jobs.py:343} DagFileProcessor7 INFO - Started process (PID=3760) to work on /home/ec2-user/airflow/dags/bash_example.py
[2017-11-14 04:46:19,595] {jobs.py:1521} DagFileProcessor7 INFO - Processing file /home/ec2-user/airflow/dags/bash_example.py for tasks to queue
[2017-11-14 04:46:19,595] {models.py:167} DagFileProcessor7 INFO - Filling up the DagBag from /home/ec2-user/airflow/dags/bash_example.py
[2017-11-14 04:46:19,656] {jobs.py:1535} DagFileProcessor7 INFO - DAG(s) ['tutorial'] retrieved from /home/ec2-user/airflow/dags/bash_example.py
/usr/local/lib64/python2.7/site-packages/sqlalchemy/sql/default_comparator.py:161: SAWarning: The IN-predicate on "dag_stats.dag_id" was invoked with an empty sequence. This results in a contradiction, which nonetheless can be expensive to evaluate.  Consider alternative strategies for improved performance.
  'strategies for improved performance.' % expr)
/usr/local/lib64/python2.7/site-packages/sqlalchemy/sql/default_comparator.py:161: SAWarning: The IN-predicate on "dag_run.dag_id" was invoked with an empty sequence. This results in a contradiction, which nonetheless can be expensive to evaluate.  Consider alternative strategies for improved performance.
  'strategies for improved performance.' % expr)
[2017-11-14 04:46:19,707] {models.py:322} DagFileProcessor7 INFO - Finding 'running' jobs without a recent heartbeat
[2017-11-14 04:46:19,707] {models.py:328} DagFileProcessor7 INFO - Failing jobs without heartbeat after 2017-11-14 04:41:19.707468
[2017-11-14 04:46:19,713] {jobs.py:351} DagFileProcessor7 INFO - Processing /home/ec2-user/airflow/dags/bash_example.py took 0.124 seconds
[2017-11-14 04:46:22,641] {jobs.py:343} DagFileProcessor10 INFO - Started process (PID=3766) to work on /home/ec2-user/airflow/dags/bash_example.py
[2017-11-14 04:46:22,646] {jobs.py:1521} DagFileProcessor10 INFO - Processing file /home/ec2-user/airflow/dags/bash_example.py for tasks to queue
[2017-11-14 04:46:22,646] {models.py:167} DagFileProcessor10 INFO - Filling up the DagBag from /home/ec2-user/airflow/dags/bash_example.py
[2017-11-14 04:46:22,711] {jobs.py:1535} DagFileProcessor10 INFO - DAG(s) ['tutorial'] retrieved from /home/ec2-user/airflow/dags/bash_example.py
/usr/local/lib64/python2.7/site-packages/sqlalchemy/sql/default_comparator.py:161: SAWarning: The IN-predicate on "dag_stats.dag_id" was invoked with an empty sequence. This results in a contradiction, which nonetheless can be expensive to evaluate.  Consider alternative strategies for improved performance.
  'strategies for improved performance.' % expr)
/usr/local/lib64/python2.7/site-packages/sqlalchemy/sql/default_comparator.py:161: SAWarning: The IN-predicate on "dag_run.dag_id" was invoked with an empty sequence. This results in a contradiction, which nonetheless can be expensive to evaluate.  Consider alternative strategies for improved performance.
  'strategies for improved performance.' % expr)
[2017-11-14 04:46:22,785] {models.py:322} DagFileProcessor10 INFO - Finding 'running' jobs without a recent heartbeat
[2017-11-14 04:46:22,785] {models.py:328} DagFileProcessor10 INFO - Failing jobs without heartbeat after 2017-11-14 04:41:22.785612
[2017-11-14 04:46:22,792] {jobs.py:351} DagFileProcessor10 INFO - Processing /home/ec2-user/airflow/dags/bash_example.py took 0.153 seconds
[2017-11-14 04:46:25,711] {jobs.py:343} DagFileProcessor13 INFO - Started process (PID=3772) to work on /home/ec2-user/airflow/dags/bash_example.py
[2017-11-14 04:46:25,718] {jobs.py:1521} DagFileProcessor13 INFO - Processing file /home/ec2-user/airflow/dags/bash_example.py for tasks to queue
[2017-11-14 04:46:25,718] {models.py:167} DagFileProcessor13 INFO - Filling up the DagBag from /home/ec2-user/airflow/dags/bash_example.py
[2017-11-14 04:46:25,778] {jobs.py:1535} DagFileProcessor13 INFO - DAG(s) ['tutorial'] retrieved from /home/ec2-user/airflow/dags/bash_example.py
/usr/local/lib64/python2.7/site-packages/sqlalchemy/sql/default_comparator.py:161: SAWarning: The IN-predicate on "dag_stats.dag_id" was invoked with an empty sequence. This results in a contradiction, which nonetheless can be expensive to evaluate.  Consider alternative strategies for improved performance.
  'strategies for improved performance.' % expr)
/usr/local/lib64/python2.7/site-packages/sqlalchemy/sql/default_comparator.py:161: SAWarning: The IN-predicate on "dag_run.dag_id" was invoked with an empty sequence. This results in a contradiction, which nonetheless can be expensive to evaluate.  Consider alternative strategies for improved performance.
  'strategies for improved performance.' % expr)
[2017-11-14 04:46:25,826] {models.py:322} DagFileProcessor13 INFO - Finding 'running' jobs without a recent heartbeat
[2017-11-14 04:46:25,827] {models.py:328} DagFileProcessor13 INFO - Failing jobs without heartbeat after 2017-11-14 04:41:25.827206
[2017-11-14 04:46:25,833] {jobs.py:351} DagFileProcessor13 INFO - Processing /home/ec2-user/airflow/dags/bash_example.py took 0.121 seconds
[2017-11-14 04:46:28,779] {jobs.py:343} DagFileProcessor16 INFO - Started process (PID=3778) to work on /home/ec2-user/airflow/dags/bash_example.py
[2017-11-14 04:46:28,784] {jobs.py:1521} DagFileProcessor16 INFO - Processing file /home/ec2-user/airflow/dags/bash_example.py for tasks to queue
[2017-11-14 04:46:28,784] {models.py:167} DagFileProcessor16 INFO - Filling up the DagBag from /home/ec2-user/airflow/dags/bash_example.py
[2017-11-14 04:46:28,845] {jobs.py:1535} DagFileProcessor16 INFO - DAG(s) ['tutorial'] retrieved from /home/ec2-user/airflow/dags/bash_example.py
/usr/local/lib64/python2.7/site-packages/sqlalchemy/sql/default_comparator.py:161: SAWarning: The IN-predicate on "dag_stats.dag_id" was invoked with an empty sequence. This results in a contradiction, which nonetheless can be expensive to evaluate.  Consider alternative strategies for improved performance.
  'strategies for improved performance.' % expr)
/usr/local/lib64/python2.7/site-packages/sqlalchemy/sql/default_comparator.py:161: SAWarning: The IN-predicate on "dag_run.dag_id" was invoked with an empty sequence. This results in a contradiction, which nonetheless can be expensive to evaluate.  Consider alternative strategies for improved performance.
  'strategies for improved performance.' % expr)
[2017-11-14 04:46:28,896] {models.py:322} DagFileProcessor16 INFO - Finding 'running' jobs without a recent heartbeat
[2017-11-14 04:46:28,896] {models.py:328} DagFileProcessor16 INFO - Failing jobs without heartbeat after 2017-11-14 04:41:28.896480
[2017-11-14 04:46:28,902] {jobs.py:351} DagFileProcessor16 INFO - Processing /home/ec2-user/airflow/dags/bash_example.py took 0.124 seconds
[2017-11-14 04:46:31,832] {jobs.py:343} DagFileProcessor19 INFO - Started process (PID=3784) to work on /home/ec2-user/airflow/dags/bash_example.py
[2017-11-14 04:46:31,837] {jobs.py:1521} DagFileProcessor19 INFO - Processing file /home/ec2-user/airflow/dags/bash_example.py for tasks to queue
[2017-11-14 04:46:31,838] {models.py:167} DagFileProcessor19 INFO - Filling up the DagBag from /home/ec2-user/airflow/dags/bash_example.py
[2017-11-14 04:46:31,897] {jobs.py:1535} DagFileProcessor19 INFO - DAG(s) ['tutorial'] retrieved from /home/ec2-user/airflow/dags/bash_example.py
/usr/local/lib64/python2.7/site-packages/sqlalchemy/sql/default_comparator.py:161: SAWarning: The IN-predicate on "dag_stats.dag_id" was invoked with an empty sequence. This results in a contradiction, which nonetheless can be expensive to evaluate.  Consider alternative strategies for improved performance.
  'strategies for improved performance.' % expr)
/usr/local/lib64/python2.7/site-packages/sqlalchemy/sql/default_comparator.py:161: SAWarning: The IN-predicate on "dag_run.dag_id" was invoked with an empty sequence. This results in a contradiction, which nonetheless can be expensive to evaluate.  Consider alternative strategies for improved performance.
  'strategies for improved performance.' % expr)
[2017-11-14 04:46:31,947] {models.py:322} DagFileProcessor19 INFO - Finding 'running' jobs without a recent heartbeat
[2017-11-14 04:46:31,947] {models.py:328} DagFileProcessor19 INFO - Failing jobs without heartbeat after 2017-11-14 04:41:31.947720
[2017-11-14 04:46:31,954] {jobs.py:351} DagFileProcessor19 INFO - Processing /home/ec2-user/airflow/dags/bash_example.py took 0.122 seconds
[2017-11-14 04:46:34,905] {jobs.py:343} DagFileProcessor22 INFO - Started process (PID=3790) to work on /home/ec2-user/airflow/dags/bash_example.py
[2017-11-14 04:46:34,910] {jobs.py:1521} DagFileProcessor22 INFO - Processing file /home/ec2-user/airflow/dags/bash_example.py for tasks to queue
[2017-11-14 04:46:34,910] {models.py:167} DagFileProcessor22 INFO - Filling up the DagBag from /home/ec2-user/airflow/dags/bash_example.py
[2017-11-14 04:46:34,970] {jobs.py:1535} DagFileProcessor22 INFO - DAG(s) ['tutorial'] retrieved from /home/ec2-user/airflow/dags/bash_example.py
/usr/local/lib64/python2.7/site-packages/sqlalchemy/sql/default_comparator.py:161: SAWarning: The IN-predicate on "dag_stats.dag_id" was invoked with an empty sequence. This results in a contradiction, which nonetheless can be expensive to evaluate.  Consider alternative strategies for improved performance.
  'strategies for improved performance.' % expr)
/usr/local/lib64/python2.7/site-packages/sqlalchemy/sql/default_comparator.py:161: SAWarning: The IN-predicate on "dag_run.dag_id" was invoked with an empty sequence. This results in a contradiction, which nonetheless can be expensive to evaluate.  Consider alternative strategies for improved performance.
  'strategies for improved performance.' % expr)
[2017-11-14 04:46:35,021] {models.py:322} DagFileProcessor22 INFO - Finding 'running' jobs without a recent heartbeat
[2017-11-14 04:46:35,021] {models.py:328} DagFileProcessor22 INFO - Failing jobs without heartbeat after 2017-11-14 04:41:35.021239
[2017-11-14 04:46:35,027] {jobs.py:351} DagFileProcessor22 INFO - Processing /home/ec2-user/airflow/dags/bash_example.py took 0.122 seconds
[2017-11-14 04:46:37,954] {jobs.py:343} DagFileProcessor25 INFO - Started process (PID=3796) to work on /home/ec2-user/airflow/dags/bash_example.py
[2017-11-14 04:46:37,960] {jobs.py:1521} DagFileProcessor25 INFO - Processing file /home/ec2-user/airflow/dags/bash_example.py for tasks to queue
[2017-11-14 04:46:37,960] {models.py:167} DagFileProcessor25 INFO - Filling up the DagBag from /home/ec2-user/airflow/dags/bash_example.py
[2017-11-14 04:46:38,026] {jobs.py:1535} DagFileProcessor25 INFO - DAG(s) ['tutorial'] retrieved from /home/ec2-user/airflow/dags/bash_example.py
/usr/local/lib64/python2.7/site-packages/sqlalchemy/sql/default_comparator.py:161: SAWarning: The IN-predicate on "dag_stats.dag_id" was invoked with an empty sequence. This results in a contradiction, which nonetheless can be expensive to evaluate.  Consider alternative strategies for improved performance.
  'strategies for improved performance.' % expr)
/usr/local/lib64/python2.7/site-packages/sqlalchemy/sql/default_comparator.py:161: SAWarning: The IN-predicate on "dag_run.dag_id" was invoked with an empty sequence. This results in a contradiction, which nonetheless can be expensive to evaluate.  Consider alternative strategies for improved performance.
  'strategies for improved performance.' % expr)
[2017-11-14 04:46:38,086] {models.py:322} DagFileProcessor25 INFO - Finding 'running' jobs without a recent heartbeat
[2017-11-14 04:46:38,087] {models.py:328} DagFileProcessor25 INFO - Failing jobs without heartbeat after 2017-11-14 04:41:38.087165
[2017-11-14 04:46:38,093] {jobs.py:351} DagFileProcessor25 INFO - Processing /home/ec2-user/airflow/dags/bash_example.py took 0.139 seconds
[2017-11-14 04:46:41,027] {jobs.py:343} DagFileProcessor28 INFO - Started process (PID=3804) to work on /home/ec2-user/airflow/dags/bash_example.py
[2017-11-14 04:46:41,032] {jobs.py:1521} DagFileProcessor28 INFO - Processing file /home/ec2-user/airflow/dags/bash_example.py for tasks to queue
[2017-11-14 04:46:41,032] {models.py:167} DagFileProcessor28 INFO - Filling up the DagBag from /home/ec2-user/airflow/dags/bash_example.py
[2017-11-14 04:46:41,094] {jobs.py:1535} DagFileProcessor28 INFO - DAG(s) ['tutorial'] retrieved from /home/ec2-user/airflow/dags/bash_example.py
/usr/local/lib64/python2.7/site-packages/sqlalchemy/sql/default_comparator.py:161: SAWarning: The IN-predicate on "dag_stats.dag_id" was invoked with an empty sequence. This results in a contradiction, which nonetheless can be expensive to evaluate.  Consider alternative strategies for improved performance.
  'strategies for improved performance.' % expr)
/usr/local/lib64/python2.7/site-packages/sqlalchemy/sql/default_comparator.py:161: SAWarning: The IN-predicate on "dag_run.dag_id" was invoked with an empty sequence. This results in a contradiction, which nonetheless can be expensive to evaluate.  Consider alternative strategies for improved performance.
  'strategies for improved performance.' % expr)
[2017-11-14 04:46:41,144] {models.py:322} DagFileProcessor28 INFO - Finding 'running' jobs without a recent heartbeat
[2017-11-14 04:46:41,144] {models.py:328} DagFileProcessor28 INFO - Failing jobs without heartbeat after 2017-11-14 04:41:41.144552
[2017-11-14 04:46:41,150] {jobs.py:351} DagFileProcessor28 INFO - Processing /home/ec2-user/airflow/dags/bash_example.py took 0.123 seconds
[2017-11-14 04:46:44,095] {jobs.py:343} DagFileProcessor31 INFO - Started process (PID=3810) to work on /home/ec2-user/airflow/dags/bash_example.py
[2017-11-14 04:46:44,101] {jobs.py:1521} DagFileProcessor31 INFO - Processing file /home/ec2-user/airflow/dags/bash_example.py for tasks to queue
[2017-11-14 04:46:44,101] {models.py:167} DagFileProcessor31 INFO - Filling up the DagBag from /home/ec2-user/airflow/dags/bash_example.py
[2017-11-14 04:46:44,160] {jobs.py:1535} DagFileProcessor31 INFO - DAG(s) ['tutorial'] retrieved from /home/ec2-user/airflow/dags/bash_example.py
/usr/local/lib64/python2.7/site-packages/sqlalchemy/sql/default_comparator.py:161: SAWarning: The IN-predicate on "dag_stats.dag_id" was invoked with an empty sequence. This results in a contradiction, which nonetheless can be expensive to evaluate.  Consider alternative strategies for improved performance.
  'strategies for improved performance.' % expr)
/usr/local/lib64/python2.7/site-packages/sqlalchemy/sql/default_comparator.py:161: SAWarning: The IN-predicate on "dag_run.dag_id" was invoked with an empty sequence. This results in a contradiction, which nonetheless can be expensive to evaluate.  Consider alternative strategies for improved performance.
  'strategies for improved performance.' % expr)
[2017-11-14 04:46:44,207] {models.py:322} DagFileProcessor31 INFO - Finding 'running' jobs without a recent heartbeat
[2017-11-14 04:46:44,208] {models.py:328} DagFileProcessor31 INFO - Failing jobs without heartbeat after 2017-11-14 04:41:44.208182
[2017-11-14 04:46:44,214] {jobs.py:351} DagFileProcessor31 INFO - Processing /home/ec2-user/airflow/dags/bash_example.py took 0.119 seconds
[2017-11-14 04:46:47,145] {jobs.py:343} DagFileProcessor34 INFO - Started process (PID=3816) to work on /home/ec2-user/airflow/dags/bash_example.py
[2017-11-14 04:46:47,151] {jobs.py:1521} DagFileProcessor34 INFO - Processing file /home/ec2-user/airflow/dags/bash_example.py for tasks to queue
[2017-11-14 04:46:47,151] {models.py:167} DagFileProcessor34 INFO - Filling up the DagBag from /home/ec2-user/airflow/dags/bash_example.py
[2017-11-14 04:46:47,211] {jobs.py:1535} DagFileProcessor34 INFO - DAG(s) ['tutorial'] retrieved from /home/ec2-user/airflow/dags/bash_example.py
/usr/local/lib64/python2.7/site-packages/sqlalchemy/sql/default_comparator.py:161: SAWarning: The IN-predicate on "dag_stats.dag_id" was invoked with an empty sequence. This results in a contradiction, which nonetheless can be expensive to evaluate.  Consider alternative strategies for improved performance.
  'strategies for improved performance.' % expr)
/usr/local/lib64/python2.7/site-packages/sqlalchemy/sql/default_comparator.py:161: SAWarning: The IN-predicate on "dag_run.dag_id" was invoked with an empty sequence. This results in a contradiction, which nonetheless can be expensive to evaluate.  Consider alternative strategies for improved performance.
  'strategies for improved performance.' % expr)
[2017-11-14 04:46:47,257] {models.py:322} DagFileProcessor34 INFO - Finding 'running' jobs without a recent heartbeat
[2017-11-14 04:46:47,257] {models.py:328} DagFileProcessor34 INFO - Failing jobs without heartbeat after 2017-11-14 04:41:47.257614
[2017-11-14 04:46:47,264] {jobs.py:351} DagFileProcessor34 INFO - Processing /home/ec2-user/airflow/dags/bash_example.py took 0.118 seconds
[2017-11-14 04:46:50,219] {jobs.py:343} DagFileProcessor37 INFO - Started process (PID=3822) to work on /home/ec2-user/airflow/dags/bash_example.py
[2017-11-14 04:46:50,224] {jobs.py:1521} DagFileProcessor37 INFO - Processing file /home/ec2-user/airflow/dags/bash_example.py for tasks to queue
[2017-11-14 04:46:50,224] {models.py:167} DagFileProcessor37 INFO - Filling up the DagBag from /home/ec2-user/airflow/dags/bash_example.py
[2017-11-14 04:46:50,285] {jobs.py:1535} DagFileProcessor37 INFO - DAG(s) ['tutorial'] retrieved from /home/ec2-user/airflow/dags/bash_example.py
/usr/local/lib64/python2.7/site-packages/sqlalchemy/sql/default_comparator.py:161: SAWarning: The IN-predicate on "dag_stats.dag_id" was invoked with an empty sequence. This results in a contradiction, which nonetheless can be expensive to evaluate.  Consider alternative strategies for improved performance.
  'strategies for improved performance.' % expr)
/usr/local/lib64/python2.7/site-packages/sqlalchemy/sql/default_comparator.py:161: SAWarning: The IN-predicate on "dag_run.dag_id" was invoked with an empty sequence. This results in a contradiction, which nonetheless can be expensive to evaluate.  Consider alternative strategies for improved performance.
  'strategies for improved performance.' % expr)
[2017-11-14 04:46:50,333] {models.py:322} DagFileProcessor37 INFO - Finding 'running' jobs without a recent heartbeat
[2017-11-14 04:46:50,333] {models.py:328} DagFileProcessor37 INFO - Failing jobs without heartbeat after 2017-11-14 04:41:50.333746
[2017-11-14 04:46:50,340] {jobs.py:351} DagFileProcessor37 INFO - Processing /home/ec2-user/airflow/dags/bash_example.py took 0.121 seconds
[2017-11-14 04:46:53,272] {jobs.py:343} DagFileProcessor40 INFO - Started process (PID=3828) to work on /home/ec2-user/airflow/dags/bash_example.py
[2017-11-14 04:46:53,277] {jobs.py:1521} DagFileProcessor40 INFO - Processing file /home/ec2-user/airflow/dags/bash_example.py for tasks to queue
[2017-11-14 04:46:53,278] {models.py:167} DagFileProcessor40 INFO - Filling up the DagBag from /home/ec2-user/airflow/dags/bash_example.py
[2017-11-14 04:46:53,340] {jobs.py:1535} DagFileProcessor40 INFO - DAG(s) ['tutorial'] retrieved from /home/ec2-user/airflow/dags/bash_example.py
/usr/local/lib64/python2.7/site-packages/sqlalchemy/sql/default_comparator.py:161: SAWarning: The IN-predicate on "dag_stats.dag_id" was invoked with an empty sequence. This results in a contradiction, which nonetheless can be expensive to evaluate.  Consider alternative strategies for improved performance.
  'strategies for improved performance.' % expr)
/usr/local/lib64/python2.7/site-packages/sqlalchemy/sql/default_comparator.py:161: SAWarning: The IN-predicate on "dag_run.dag_id" was invoked with an empty sequence. This results in a contradiction, which nonetheless can be expensive to evaluate.  Consider alternative strategies for improved performance.
  'strategies for improved performance.' % expr)
[2017-11-14 04:46:53,418] {models.py:322} DagFileProcessor40 INFO - Finding 'running' jobs without a recent heartbeat
[2017-11-14 04:46:53,418] {models.py:328} DagFileProcessor40 INFO - Failing jobs without heartbeat after 2017-11-14 04:41:53.418938
[2017-11-14 04:46:53,424] {jobs.py:351} DagFileProcessor40 INFO - Processing /home/ec2-user/airflow/dags/bash_example.py took 0.153 seconds
[2017-11-14 04:46:56,336] {jobs.py:343} DagFileProcessor43 INFO - Started process (PID=3834) to work on /home/ec2-user/airflow/dags/bash_example.py
[2017-11-14 04:46:56,341] {jobs.py:1521} DagFileProcessor43 INFO - Processing file /home/ec2-user/airflow/dags/bash_example.py for tasks to queue
[2017-11-14 04:46:56,341] {models.py:167} DagFileProcessor43 INFO - Filling up the DagBag from /home/ec2-user/airflow/dags/bash_example.py
[2017-11-14 04:46:56,401] {jobs.py:1535} DagFileProcessor43 INFO - DAG(s) ['tutorial'] retrieved from /home/ec2-user/airflow/dags/bash_example.py
/usr/local/lib64/python2.7/site-packages/sqlalchemy/sql/default_comparator.py:161: SAWarning: The IN-predicate on "dag_stats.dag_id" was invoked with an empty sequence. This results in a contradiction, which nonetheless can be expensive to evaluate.  Consider alternative strategies for improved performance.
  'strategies for improved performance.' % expr)
/usr/local/lib64/python2.7/site-packages/sqlalchemy/sql/default_comparator.py:161: SAWarning: The IN-predicate on "dag_run.dag_id" was invoked with an empty sequence. This results in a contradiction, which nonetheless can be expensive to evaluate.  Consider alternative strategies for improved performance.
  'strategies for improved performance.' % expr)
[2017-11-14 04:46:56,452] {models.py:322} DagFileProcessor43 INFO - Finding 'running' jobs without a recent heartbeat
[2017-11-14 04:46:56,452] {models.py:328} DagFileProcessor43 INFO - Failing jobs without heartbeat after 2017-11-14 04:41:56.452495
[2017-11-14 04:46:56,460] {jobs.py:351} DagFileProcessor43 INFO - Processing /home/ec2-user/airflow/dags/bash_example.py took 0.124 seconds
[2017-11-14 04:46:59,400] {jobs.py:343} DagFileProcessor46 INFO - Started process (PID=3840) to work on /home/ec2-user/airflow/dags/bash_example.py
[2017-11-14 04:46:59,406] {jobs.py:1521} DagFileProcessor46 INFO - Processing file /home/ec2-user/airflow/dags/bash_example.py for tasks to queue
[2017-11-14 04:46:59,406] {models.py:167} DagFileProcessor46 INFO - Filling up the DagBag from /home/ec2-user/airflow/dags/bash_example.py
[2017-11-14 04:46:59,469] {jobs.py:1535} DagFileProcessor46 INFO - DAG(s) ['tutorial'] retrieved from /home/ec2-user/airflow/dags/bash_example.py
/usr/local/lib64/python2.7/site-packages/sqlalchemy/sql/default_comparator.py:161: SAWarning: The IN-predicate on "dag_stats.dag_id" was invoked with an empty sequence. This results in a contradiction, which nonetheless can be expensive to evaluate.  Consider alternative strategies for improved performance.
  'strategies for improved performance.' % expr)
/usr/local/lib64/python2.7/site-packages/sqlalchemy/sql/default_comparator.py:161: SAWarning: The IN-predicate on "dag_run.dag_id" was invoked with an empty sequence. This results in a contradiction, which nonetheless can be expensive to evaluate.  Consider alternative strategies for improved performance.
  'strategies for improved performance.' % expr)
[2017-11-14 04:46:59,519] {models.py:322} DagFileProcessor46 INFO - Finding 'running' jobs without a recent heartbeat
[2017-11-14 04:46:59,520] {models.py:328} DagFileProcessor46 INFO - Failing jobs without heartbeat after 2017-11-14 04:41:59.520071
[2017-11-14 04:46:59,526] {jobs.py:351} DagFileProcessor46 INFO - Processing /home/ec2-user/airflow/dags/bash_example.py took 0.126 seconds
[2017-11-14 04:47:02,454] {jobs.py:343} DagFileProcessor49 INFO - Started process (PID=3846) to work on /home/ec2-user/airflow/dags/bash_example.py
[2017-11-14 04:47:02,464] {jobs.py:1521} DagFileProcessor49 INFO - Processing file /home/ec2-user/airflow/dags/bash_example.py for tasks to queue
[2017-11-14 04:47:02,464] {models.py:167} DagFileProcessor49 INFO - Filling up the DagBag from /home/ec2-user/airflow/dags/bash_example.py
[2017-11-14 04:47:02,524] {jobs.py:1535} DagFileProcessor49 INFO - DAG(s) ['tutorial'] retrieved from /home/ec2-user/airflow/dags/bash_example.py
/usr/local/lib64/python2.7/site-packages/sqlalchemy/sql/default_comparator.py:161: SAWarning: The IN-predicate on "dag_stats.dag_id" was invoked with an empty sequence. This results in a contradiction, which nonetheless can be expensive to evaluate.  Consider alternative strategies for improved performance.
  'strategies for improved performance.' % expr)
/usr/local/lib64/python2.7/site-packages/sqlalchemy/sql/default_comparator.py:161: SAWarning: The IN-predicate on "dag_run.dag_id" was invoked with an empty sequence. This results in a contradiction, which nonetheless can be expensive to evaluate.  Consider alternative strategies for improved performance.
  'strategies for improved performance.' % expr)
[2017-11-14 04:47:02,576] {models.py:322} DagFileProcessor49 INFO - Finding 'running' jobs without a recent heartbeat
[2017-11-14 04:47:02,576] {models.py:328} DagFileProcessor49 INFO - Failing jobs without heartbeat after 2017-11-14 04:42:02.576377
[2017-11-14 04:47:02,583] {jobs.py:351} DagFileProcessor49 INFO - Processing /home/ec2-user/airflow/dags/bash_example.py took 0.129 seconds
[2017-11-14 04:47:05,529] {jobs.py:343} DagFileProcessor52 INFO - Started process (PID=3852) to work on /home/ec2-user/airflow/dags/bash_example.py
[2017-11-14 04:47:05,535] {jobs.py:1521} DagFileProcessor52 INFO - Processing file /home/ec2-user/airflow/dags/bash_example.py for tasks to queue
[2017-11-14 04:47:05,535] {models.py:167} DagFileProcessor52 INFO - Filling up the DagBag from /home/ec2-user/airflow/dags/bash_example.py
[2017-11-14 04:47:05,596] {jobs.py:1535} DagFileProcessor52 INFO - DAG(s) ['tutorial'] retrieved from /home/ec2-user/airflow/dags/bash_example.py
/usr/local/lib64/python2.7/site-packages/sqlalchemy/sql/default_comparator.py:161: SAWarning: The IN-predicate on "dag_stats.dag_id" was invoked with an empty sequence. This results in a contradiction, which nonetheless can be expensive to evaluate.  Consider alternative strategies for improved performance.
  'strategies for improved performance.' % expr)
/usr/local/lib64/python2.7/site-packages/sqlalchemy/sql/default_comparator.py:161: SAWarning: The IN-predicate on "dag_run.dag_id" was invoked with an empty sequence. This results in a contradiction, which nonetheless can be expensive to evaluate.  Consider alternative strategies for improved performance.
  'strategies for improved performance.' % expr)
[2017-11-14 04:47:05,645] {models.py:322} DagFileProcessor52 INFO - Finding 'running' jobs without a recent heartbeat
[2017-11-14 04:47:05,646] {models.py:328} DagFileProcessor52 INFO - Failing jobs without heartbeat after 2017-11-14 04:42:05.646057
[2017-11-14 04:47:05,652] {jobs.py:351} DagFileProcessor52 INFO - Processing /home/ec2-user/airflow/dags/bash_example.py took 0.122 seconds
[2017-11-14 04:47:08,583] {jobs.py:343} DagFileProcessor55 INFO - Started process (PID=3858) to work on /home/ec2-user/airflow/dags/bash_example.py
[2017-11-14 04:47:08,589] {jobs.py:1521} DagFileProcessor55 INFO - Processing file /home/ec2-user/airflow/dags/bash_example.py for tasks to queue
[2017-11-14 04:47:08,589] {models.py:167} DagFileProcessor55 INFO - Filling up the DagBag from /home/ec2-user/airflow/dags/bash_example.py
[2017-11-14 04:47:08,654] {jobs.py:1535} DagFileProcessor55 INFO - DAG(s) ['tutorial'] retrieved from /home/ec2-user/airflow/dags/bash_example.py
/usr/local/lib64/python2.7/site-packages/sqlalchemy/sql/default_comparator.py:161: SAWarning: The IN-predicate on "dag_stats.dag_id" was invoked with an empty sequence. This results in a contradiction, which nonetheless can be expensive to evaluate.  Consider alternative strategies for improved performance.
  'strategies for improved performance.' % expr)
/usr/local/lib64/python2.7/site-packages/sqlalchemy/sql/default_comparator.py:161: SAWarning: The IN-predicate on "dag_run.dag_id" was invoked with an empty sequence. This results in a contradiction, which nonetheless can be expensive to evaluate.  Consider alternative strategies for improved performance.
  'strategies for improved performance.' % expr)
[2017-11-14 04:47:08,710] {models.py:322} DagFileProcessor55 INFO - Finding 'running' jobs without a recent heartbeat
[2017-11-14 04:47:08,710] {models.py:328} DagFileProcessor55 INFO - Failing jobs without heartbeat after 2017-11-14 04:42:08.710366
[2017-11-14 04:47:08,716] {jobs.py:351} DagFileProcessor55 INFO - Processing /home/ec2-user/airflow/dags/bash_example.py took 0.132 seconds
[2017-11-14 04:47:11,650] {jobs.py:343} DagFileProcessor58 INFO - Started process (PID=3864) to work on /home/ec2-user/airflow/dags/bash_example.py
[2017-11-14 04:47:11,656] {jobs.py:1521} DagFileProcessor58 INFO - Processing file /home/ec2-user/airflow/dags/bash_example.py for tasks to queue
[2017-11-14 04:47:11,656] {models.py:167} DagFileProcessor58 INFO - Filling up the DagBag from /home/ec2-user/airflow/dags/bash_example.py
[2017-11-14 04:47:11,717] {jobs.py:1535} DagFileProcessor58 INFO - DAG(s) ['tutorial'] retrieved from /home/ec2-user/airflow/dags/bash_example.py
/usr/local/lib64/python2.7/site-packages/sqlalchemy/sql/default_comparator.py:161: SAWarning: The IN-predicate on "dag_stats.dag_id" wa